2025-07-16T15:08:59.049+08:00  INFO 26484 --- [flea-fair] [main] com.fleafair.FleaFairApplication         : Starting FleaFairApplication using Java 17.0.14 with PID 26484 (E:\code\cjwm\flea-fair\target\classes started by wio in E:\code\cjwm\flea-fair)
2025-07-16T15:08:59.055+08:00  INFO 26484 --- [flea-fair] [main] com.fleafair.FleaFairApplication         : No active profile set, falling back to 1 default profile: "default"
2025-07-16T15:08:59.791+08:00  INFO 26484 --- [flea-fair] [main] .s.d.r.c.RepositoryConfigurationDelegate : Multiple Spring Data modules found, entering strict repository configuration mode
2025-07-16T15:08:59.794+08:00  INFO 26484 --- [flea-fair] [main] .s.d.r.c.RepositoryConfigurationDelegate : Bootstrapping Spring Data Redis repositories in DEFAULT mode.
2025-07-16T15:08:59.824+08:00  INFO 26484 --- [flea-fair] [main] .s.d.r.c.RepositoryConfigurationDelegate : Finished Spring Data repository scanning in 9 ms. Found 0 Redis repository interfaces.
2025-07-16T15:09:00.390+08:00  INFO 26484 --- [flea-fair] [main] o.s.b.w.embedded.tomcat.TomcatWebServer  : Tomcat initialized with port 8111 (http)
2025-07-16T15:09:00.402+08:00  INFO 26484 --- [flea-fair] [main] o.apache.catalina.core.StandardService   : Starting service [Tomcat]
2025-07-16T15:09:00.403+08:00  INFO 26484 --- [flea-fair] [main] o.apache.catalina.core.StandardEngine    : Starting Servlet engine: [Apache Tomcat/10.1.42]
2025-07-16T15:09:00.497+08:00  INFO 26484 --- [flea-fair] [main] o.a.c.c.C.[.[localhost].[/flea-fair]     : Initializing Spring embedded WebApplicationContext
2025-07-16T15:09:00.497+08:00  INFO 26484 --- [flea-fair] [main] w.s.c.ServletWebServerApplicationContext : Root WebApplicationContext: initialization completed in 1398 ms
2025-07-16T15:09:01.324+08:00  WARN 26484 --- [flea-fair] [main] .s.s.UserDetailsServiceAutoConfiguration : 

Using generated security password: ba4c3384-a249-488d-b3c7-28b6b9c25b55

This generated password is for development use only. Your security configuration must be updated before running your application in production.

2025-07-16T15:09:01.330+08:00  INFO 26484 --- [flea-fair] [main] r$InitializeUserDetailsManagerConfigurer : Global AuthenticationManager configured with UserDetailsService bean with name inMemoryUserDetailsManager
2025-07-16T15:09:01.474+08:00  INFO 26484 --- [flea-fair] [main] o.s.b.w.embedded.tomcat.TomcatWebServer  : Tomcat started on port 8111 (http) with context path '/flea-fair'
2025-07-16T15:09:01.483+08:00  INFO 26484 --- [flea-fair] [main] com.fleafair.FleaFairApplication         : Started FleaFairApplication in 2.862 seconds (process running for 3.657)
2025-07-16T15:37:47.017+08:00  INFO 26484 --- [flea-fair] [http-nio-8111-exec-1] o.a.c.c.C.[.[localhost].[/flea-fair]     : Initializing Spring DispatcherServlet 'dispatcherServlet'
2025-07-16T15:37:47.018+08:00  INFO 26484 --- [flea-fair] [http-nio-8111-exec-1] o.s.web.servlet.DispatcherServlet        : Initializing Servlet 'dispatcherServlet'
2025-07-16T15:37:47.019+08:00  INFO 26484 --- [flea-fair] [http-nio-8111-exec-1] o.s.web.servlet.DispatcherServlet        : Completed initialization in 1 ms
2025-07-16T15:37:47.171+08:00  WARN 26484 --- [flea-fair] [http-nio-8111-exec-1] o.a.c.util.SessionIdGeneratorBase        : Creation of SecureRandom instance for session ID generation using [SHA1PRNG] took [127] milliseconds.
2025-07-16T15:38:42.970+08:00  INFO 26484 --- [flea-fair] [SpringApplicationShutdownHook] o.s.b.w.e.tomcat.GracefulShutdown        : Commencing graceful shutdown. Waiting for active requests to complete
2025-07-16T15:38:43.221+08:00  INFO 26484 --- [flea-fair] [tomcat-shutdown] o.s.b.w.e.tomcat.GracefulShutdown        : Graceful shutdown complete
2025-07-16T15:38:49.925+08:00  INFO 27364 --- [flea-fair] [main] com.fleafair.FleaFairApplication         : Starting FleaFairApplication using Java 17.0.14 with PID 27364 (E:\code\cjwm\flea-fair\target\classes started by wio in E:\code\cjwm\flea-fair)
2025-07-16T15:38:49.927+08:00  INFO 27364 --- [flea-fair] [main] com.fleafair.FleaFairApplication         : No active profile set, falling back to 1 default profile: "default"
2025-07-16T15:38:50.556+08:00  INFO 27364 --- [flea-fair] [main] .s.d.r.c.RepositoryConfigurationDelegate : Multiple Spring Data modules found, entering strict repository configuration mode
2025-07-16T15:38:50.558+08:00  INFO 27364 --- [flea-fair] [main] .s.d.r.c.RepositoryConfigurationDelegate : Bootstrapping Spring Data Redis repositories in DEFAULT mode.
2025-07-16T15:38:50.584+08:00  INFO 27364 --- [flea-fair] [main] .s.d.r.c.RepositoryConfigurationDelegate : Finished Spring Data repository scanning in 12 ms. Found 0 Redis repository interfaces.
2025-07-16T15:38:51.073+08:00  INFO 27364 --- [flea-fair] [main] o.s.b.w.embedded.tomcat.TomcatWebServer  : Tomcat initialized with port 8111 (http)
2025-07-16T15:38:51.084+08:00  INFO 27364 --- [flea-fair] [main] o.apache.catalina.core.StandardService   : Starting service [Tomcat]
2025-07-16T15:38:51.084+08:00  INFO 27364 --- [flea-fair] [main] o.apache.catalina.core.StandardEngine    : Starting Servlet engine: [Apache Tomcat/10.1.42]
2025-07-16T15:38:51.175+08:00  INFO 27364 --- [flea-fair] [main] o.a.c.c.C.[.[localhost].[/flea-fair]     : Initializing Spring embedded WebApplicationContext
2025-07-16T15:38:51.175+08:00  INFO 27364 --- [flea-fair] [main] w.s.c.ServletWebServerApplicationContext : Root WebApplicationContext: initialization completed in 1213 ms
2025-07-16T15:38:51.909+08:00  WARN 27364 --- [flea-fair] [main] .s.s.UserDetailsServiceAutoConfiguration : 

Using generated security password: 96c793e2-0492-4a6c-b618-28281ad5f16a

This generated password is for development use only. Your security configuration must be updated before running your application in production.

2025-07-16T15:38:51.914+08:00  INFO 27364 --- [flea-fair] [main] r$InitializeUserDetailsManagerConfigurer : Global AuthenticationManager configured with UserDetailsService bean with name inMemoryUserDetailsManager
2025-07-16T15:38:52.038+08:00  INFO 27364 --- [flea-fair] [main] o.s.b.w.embedded.tomcat.TomcatWebServer  : Tomcat started on port 8111 (http) with context path '/flea-fair'
2025-07-16T15:38:52.046+08:00  INFO 27364 --- [flea-fair] [main] com.fleafair.FleaFairApplication         : Started FleaFairApplication in 2.519 seconds (process running for 3.245)
2025-07-16T15:39:23.992+08:00  INFO 27364 --- [flea-fair] [http-nio-8111-exec-1] o.a.c.c.C.[.[localhost].[/flea-fair]     : Initializing Spring DispatcherServlet 'dispatcherServlet'
2025-07-16T15:39:23.993+08:00  INFO 27364 --- [flea-fair] [http-nio-8111-exec-1] o.s.web.servlet.DispatcherServlet        : Initializing Servlet 'dispatcherServlet'
2025-07-16T15:39:23.994+08:00  INFO 27364 --- [flea-fair] [http-nio-8111-exec-1] o.s.web.servlet.DispatcherServlet        : Completed initialization in 1 ms
2025-07-16T15:39:24.155+08:00  WARN 27364 --- [flea-fair] [http-nio-8111-exec-1] o.a.c.util.SessionIdGeneratorBase        : Creation of SecureRandom instance for session ID generation using [SHA1PRNG] took [134] milliseconds.
2025-07-16T15:43:07.106+08:00  INFO 27364 --- [flea-fair] [SpringApplicationShutdownHook] o.s.b.w.e.tomcat.GracefulShutdown        : Commencing graceful shutdown. Waiting for active requests to complete
2025-07-16T15:43:07.351+08:00  INFO 27364 --- [flea-fair] [tomcat-shutdown] o.s.b.w.e.tomcat.GracefulShutdown        : Graceful shutdown complete
2025-07-16T15:43:12.428+08:00  INFO 28040 --- [flea-fair] [main] com.fleafair.FleaFairApplication         : Starting FleaFairApplication using Java 17.0.14 with PID 28040 (E:\code\cjwm\flea-fair\target\classes started by wio in E:\code\cjwm\flea-fair)
2025-07-16T15:43:12.430+08:00  INFO 28040 --- [flea-fair] [main] com.fleafair.FleaFairApplication         : No active profile set, falling back to 1 default profile: "default"
2025-07-16T15:43:13.065+08:00  INFO 28040 --- [flea-fair] [main] .s.d.r.c.RepositoryConfigurationDelegate : Multiple Spring Data modules found, entering strict repository configuration mode
2025-07-16T15:43:13.068+08:00  INFO 28040 --- [flea-fair] [main] .s.d.r.c.RepositoryConfigurationDelegate : Bootstrapping Spring Data Redis repositories in DEFAULT mode.
2025-07-16T15:43:13.091+08:00  INFO 28040 --- [flea-fair] [main] .s.d.r.c.RepositoryConfigurationDelegate : Finished Spring Data repository scanning in 9 ms. Found 0 Redis repository interfaces.
2025-07-16T15:43:13.601+08:00  INFO 28040 --- [flea-fair] [main] o.s.b.w.embedded.tomcat.TomcatWebServer  : Tomcat initialized with port 8111 (http)
2025-07-16T15:43:13.612+08:00  INFO 28040 --- [flea-fair] [main] o.apache.catalina.core.StandardService   : Starting service [Tomcat]
2025-07-16T15:43:13.612+08:00  INFO 28040 --- [flea-fair] [main] o.apache.catalina.core.StandardEngine    : Starting Servlet engine: [Apache Tomcat/10.1.42]
2025-07-16T15:43:13.708+08:00  INFO 28040 --- [flea-fair] [main] o.a.c.c.C.[.[localhost].[/flea-fair]     : Initializing Spring embedded WebApplicationContext
2025-07-16T15:43:13.708+08:00  INFO 28040 --- [flea-fair] [main] w.s.c.ServletWebServerApplicationContext : Root WebApplicationContext: initialization completed in 1243 ms
2025-07-16T15:43:13.983+08:00  WARN 28040 --- [flea-fair] [main] .s.s.UserDetailsServiceAutoConfiguration : 

Using generated security password: 548aeae8-3137-4398-b9c8-ba896cac4d7e

This generated password is for development use only. Your security configuration must be updated before running your application in production.

2025-07-16T15:43:13.990+08:00  INFO 28040 --- [flea-fair] [main] r$InitializeUserDetailsManagerConfigurer : Global AuthenticationManager configured with UserDetailsService bean with name inMemoryUserDetailsManager
2025-07-16T15:43:14.675+08:00  INFO 28040 --- [flea-fair] [main] o.s.b.w.embedded.tomcat.TomcatWebServer  : Tomcat started on port 8111 (http) with context path '/flea-fair'
2025-07-16T15:43:14.684+08:00  INFO 28040 --- [flea-fair] [main] com.fleafair.FleaFairApplication         : Started FleaFairApplication in 2.659 seconds (process running for 3.373)
2025-07-16T15:43:22.186+08:00  INFO 28040 --- [flea-fair] [http-nio-8111-exec-1] o.a.c.c.C.[.[localhost].[/flea-fair]     : Initializing Spring DispatcherServlet 'dispatcherServlet'
2025-07-16T15:43:22.186+08:00  INFO 28040 --- [flea-fair] [http-nio-8111-exec-1] o.s.web.servlet.DispatcherServlet        : Initializing Servlet 'dispatcherServlet'
2025-07-16T15:43:22.187+08:00  INFO 28040 --- [flea-fair] [http-nio-8111-exec-1] o.s.web.servlet.DispatcherServlet        : Completed initialization in 0 ms
2025-07-16T15:43:22.252+08:00  INFO 28040 --- [flea-fair] [http-nio-8111-exec-1] com.zaxxer.hikari.HikariDataSource       : HikariPool-1 - Starting...
2025-07-16T15:43:22.399+08:00  INFO 28040 --- [flea-fair] [http-nio-8111-exec-1] com.zaxxer.hikari.pool.HikariPool        : HikariPool-1 - Added connection com.mysql.cj.jdbc.ConnectionImpl@29475e34
2025-07-16T15:43:22.400+08:00  INFO 28040 --- [flea-fair] [http-nio-8111-exec-1] com.zaxxer.hikari.HikariDataSource       : HikariPool-1 - Start completed.
2025-07-16T15:43:22.441+08:00  WARN 28040 --- [flea-fair] [http-nio-8111-exec-1] o.s.s.c.bcrypt.BCryptPasswordEncoder     : Encoded password does not look like BCrypt
2025-07-16T15:44:48.611+08:00  INFO 28040 --- [flea-fair] [http-nio-8111-exec-2] com.fleafair.Controller.UserController   : 用户登录成功
2025-07-16T15:47:54.586+08:00  WARN 28040 --- [flea-fair] [http-nio-8111-exec-5] .w.s.m.s.DefaultHandlerExceptionResolver : Resolved [org.springframework.web.HttpRequestMethodNotSupportedException: Request method 'GET' is not supported]
2025-07-16T15:47:54.732+08:00  WARN 28040 --- [flea-fair] [http-nio-8111-exec-5] o.a.c.util.SessionIdGeneratorBase        : Creation of SecureRandom instance for session ID generation using [SHA1PRNG] took [126] milliseconds.
2025-07-16T15:47:59.993+08:00  WARN 28040 --- [flea-fair] [http-nio-8111-exec-6] .w.s.m.s.DefaultHandlerExceptionResolver : Resolved [org.springframework.web.HttpRequestMethodNotSupportedException: Request method 'GET' is not supported]
2025-07-16T16:14:36.782+08:00  INFO 28040 --- [flea-fair] [SpringApplicationShutdownHook] o.s.b.w.e.tomcat.GracefulShutdown        : Commencing graceful shutdown. Waiting for active requests to complete
2025-07-16T16:14:37.060+08:00  INFO 28040 --- [flea-fair] [tomcat-shutdown] o.s.b.w.e.tomcat.GracefulShutdown        : Graceful shutdown complete
2025-07-16T16:14:37.073+08:00  INFO 28040 --- [flea-fair] [SpringApplicationShutdownHook] com.zaxxer.hikari.HikariDataSource       : HikariPool-1 - Shutdown initiated...
2025-07-16T16:14:37.076+08:00  INFO 28040 --- [flea-fair] [SpringApplicationShutdownHook] com.zaxxer.hikari.HikariDataSource       : HikariPool-1 - Shutdown completed.
2025-07-16T16:14:42.748+08:00  INFO 15108 --- [flea-fair] [main] com.fleafair.FleaFairApplication         : Starting FleaFairApplication using Java 17.0.14 with PID 15108 (E:\code\cjwm\flea-fair\target\classes started by wio in E:\code\cjwm\flea-fair)
2025-07-16T16:14:42.751+08:00  INFO 15108 --- [flea-fair] [main] com.fleafair.FleaFairApplication         : No active profile set, falling back to 1 default profile: "default"
2025-07-16T16:14:43.431+08:00  INFO 15108 --- [flea-fair] [main] .s.d.r.c.RepositoryConfigurationDelegate : Multiple Spring Data modules found, entering strict repository configuration mode
2025-07-16T16:14:43.433+08:00  INFO 15108 --- [flea-fair] [main] .s.d.r.c.RepositoryConfigurationDelegate : Bootstrapping Spring Data Redis repositories in DEFAULT mode.
2025-07-16T16:14:43.458+08:00  INFO 15108 --- [flea-fair] [main] .s.d.r.c.RepositoryConfigurationDelegate : Finished Spring Data repository scanning in 10 ms. Found 0 Redis repository interfaces.
2025-07-16T16:14:43.952+08:00  INFO 15108 --- [flea-fair] [main] o.s.b.w.embedded.tomcat.TomcatWebServer  : Tomcat initialized with port 8111 (http)
2025-07-16T16:14:43.964+08:00  INFO 15108 --- [flea-fair] [main] o.apache.catalina.core.StandardService   : Starting service [Tomcat]
2025-07-16T16:14:43.964+08:00  INFO 15108 --- [flea-fair] [main] o.apache.catalina.core.StandardEngine    : Starting Servlet engine: [Apache Tomcat/10.1.42]
2025-07-16T16:14:44.055+08:00  INFO 15108 --- [flea-fair] [main] o.a.c.c.C.[.[localhost].[/flea-fair]     : Initializing Spring embedded WebApplicationContext
2025-07-16T16:14:44.056+08:00  INFO 15108 --- [flea-fair] [main] w.s.c.ServletWebServerApplicationContext : Root WebApplicationContext: initialization completed in 1265 ms
2025-07-16T16:14:44.297+08:00  WARN 15108 --- [flea-fair] [main] .s.s.UserDetailsServiceAutoConfiguration : 

Using generated security password: 24005a35-d912-488c-8da6-e0642c302c16

This generated password is for development use only. Your security configuration must be updated before running your application in production.

2025-07-16T16:14:44.303+08:00  INFO 15108 --- [flea-fair] [main] r$InitializeUserDetailsManagerConfigurer : Global AuthenticationManager configured with UserDetailsService bean with name inMemoryUserDetailsManager
2025-07-16T16:14:44.931+08:00  INFO 15108 --- [flea-fair] [main] o.s.b.w.embedded.tomcat.TomcatWebServer  : Tomcat started on port 8111 (http) with context path '/flea-fair'
2025-07-16T16:14:44.940+08:00  INFO 15108 --- [flea-fair] [main] com.fleafair.FleaFairApplication         : Started FleaFairApplication in 2.616 seconds (process running for 3.352)
2025-07-16T16:14:57.363+08:00  INFO 15108 --- [flea-fair] [http-nio-8111-exec-1] o.a.c.c.C.[.[localhost].[/flea-fair]     : Initializing Spring DispatcherServlet 'dispatcherServlet'
2025-07-16T16:14:57.364+08:00  INFO 15108 --- [flea-fair] [http-nio-8111-exec-1] o.s.web.servlet.DispatcherServlet        : Initializing Servlet 'dispatcherServlet'
2025-07-16T16:14:57.365+08:00  INFO 15108 --- [flea-fair] [http-nio-8111-exec-1] o.s.web.servlet.DispatcherServlet        : Completed initialization in 1 ms
2025-07-16T16:14:57.426+08:00  INFO 15108 --- [flea-fair] [http-nio-8111-exec-1] com.zaxxer.hikari.HikariDataSource       : HikariPool-1 - Starting...
2025-07-16T16:14:57.564+08:00  INFO 15108 --- [flea-fair] [http-nio-8111-exec-1] com.zaxxer.hikari.pool.HikariPool        : HikariPool-1 - Added connection com.mysql.cj.jdbc.ConnectionImpl@7090dad6
2025-07-16T16:14:57.565+08:00  INFO 15108 --- [flea-fair] [http-nio-8111-exec-1] com.zaxxer.hikari.HikariDataSource       : HikariPool-1 - Start completed.
